<?xml version="1.0" encoding="UTF-8"?>
<!-- Generated by org.testng.reporters.JUnitReportReporter -->
<testsuite hostname="Sencys-MacBook-Pro.local" failures="0" tests="4" name="may16.OrnageHRM" time="12.023" errors="0" timestamp="2022-05-26T12:25:47 BST" skipped="0">
  <testcase classname="may16.OrnageHRM" name="verifyLogin" time="1.660"/>
  <system-out/>
  <testcase classname="may16.OrnageHRM" name="verifyLogin" time="7.134"/>
  <system-out/>
  <testcase classname="may16.OrnageHRM" name="verifyLogin" time="1.241"/>
  <system-out/>
  <testcase classname="may16.OrnageHRM" name="verifyLogin" time="1.988"/>
  <system-out/>
</testsuite> <!-- may16.OrnageHRM -->
