<?xml version="1.0" encoding="UTF-8"?>
<!-- Generated by org.testng.reporters.JUnitReportReporter -->
<testsuite hostname="Sencys-MacBook-Pro.local" failures="0" tests="1" name="driverFcatory.DriverScript" time="8.391" errors="0" timestamp="2022-05-26T21:35:27 BST" skipped="0">
  <testcase classname="driverFcatory.DriverScript" name="startTest" time="8.391"/>
  <system-out>
    <![CDATA[4--------10
http://primusbank.qedgetech.com/adminflow.aspx
Login Success
Logout Sucess]]>
  </system-out>
</testsuite> <!-- driverFcatory.DriverScript -->
